2025-01-03T15:58:39.591789+0100 INFO Database initialized successfully
2025-01-03T15:58:39.628667+0100 INFO Database session closed after get_by_condition
2025-01-03T15:58:39.628865+0100 INFO Successfully retrieved local_repos with LocalRepo(localRepo_name = C:/Users/Caleb/Desktop/test folder, localRepo_frequency = 5H

2025-01-03T15:58:39.630442+0100 INFO Database session closed after get_branch
2025-01-03T15:58:39.630559+0100 INFO Successfully retrieved Branch(branch_name = test_branch, branch_parent_repo = 1

2025-01-03T15:58:40.465947+0100 INFO successfully executed init_git
2025-01-03T15:58:45.290954+0100 INFO successfully merged First_UPGIT_CHUNKS chunks
2025-01-03T15:58:45.298383+0100 INFO successfully merged Third_UPGIT_CHUNKS chunks
2025-01-03T15:58:45.306353+0100 INFO successfully Deleted C:/Users/Caleb/Desktop/test folder\First_UPGIT_CHUNKS
2025-01-03T15:58:45.310994+0100 INFO successfully Deleted C:/Users/Caleb/Desktop/test folder\Third_UPGIT_CHUNKS
2025-01-03T15:58:45.311619+0100 INFO Pull operation successful
2025-01-03T15:58:45.312085+0100 INFO successfully executed pull
2025-01-03T15:59:48.233110+0100 INFO Database initialized successfully
2025-01-03T15:59:48.277360+0100 INFO Database session closed after get_by_condition
2025-01-03T15:59:48.277612+0100 INFO Successfully retrieved local_repos with LocalRepo(localRepo_name = C:/Users/Caleb/Desktop/test folder, localRepo_frequency = 5H

2025-01-03T15:59:48.280206+0100 INFO Database session closed after get_branch
2025-01-03T15:59:48.280383+0100 INFO Successfully retrieved Branch(branch_name = test_branch, branch_parent_repo = 1

2025-01-03T15:59:48.613801+0100 INFO successfully executed init_git
2025-01-03T15:59:51.893855+0100 INFO successfully merged First_UPGIT_CHUNKS chunks
2025-01-03T15:59:51.898872+0100 INFO successfully merged Third_UPGIT_CHUNKS chunks
2025-01-03T15:59:51.903457+0100 INFO successfully Deleted C:/Users/Caleb/Desktop/test folder\First_UPGIT_CHUNKS
2025-01-03T15:59:51.908409+0100 INFO successfully Deleted C:/Users/Caleb/Desktop/test folder\Third_UPGIT_CHUNKS
2025-01-03T15:59:51.909234+0100 INFO Pull operation successful
2025-01-03T15:59:51.910046+0100 INFO successfully executed pull
